<?xml version="1.0" encoding="UTF-8"?>
<testng-results skipped="0" failed="0" total="1" passed="1">
  <reporter-output>
  </reporter-output>
  <suite name="Default suite" duration-ms="1006950" started-at="2016-02-15T20:44:48Z" finished-at="2016-02-15T21:01:35Z">
    <groups>
    </groups>
    <test name="Default test" duration-ms="1006950" started-at="2016-02-15T20:44:48Z" finished-at="2016-02-15T21:01:35Z">
      <class name="test1.NewTest">
        <test-method status="PASS" signature="beforeTest()[pri:0, instance:test1.NewTest@5ffe9e]" name="beforeTest" is-config="true" duration-ms="7697" started-at="2016-02-15T21:44:48Z" finished-at="2016-02-15T21:44:56Z">
          <reporter-output>
          </reporter-output>
        </test-method> <!-- beforeTest -->
        <test-method status="PASS" signature="test1()[pri:0, instance:test1.NewTest@5ffe9e]" name="test1" duration-ms="999233" started-at="2016-02-15T21:44:56Z" finished-at="2016-02-15T22:01:35Z">
          <reporter-output>
          </reporter-output>
        </test-method> <!-- test1 -->
      </class> <!-- test1.NewTest -->
    </test> <!-- Default test -->
  </suite> <!-- Default suite -->
</testng-results>
