<?xml version="1.0" encoding="UTF-8"?>
<testng-results skipped="0" failed="0" total="1" passed="1">
  <reporter-output>
  </reporter-output>
  <suite name="Default suite" duration-ms="33764" started-at="2016-02-15T14:03:57Z" finished-at="2016-02-15T14:04:31Z">
    <groups>
    </groups>
    <test name="Default test" duration-ms="33764" started-at="2016-02-15T14:03:57Z" finished-at="2016-02-15T14:04:31Z">
      <class name="test1.NewTest">
        <test-method status="PASS" signature="beforeTest()[pri:0, instance:test1.NewTest@5ffe9e]" name="beforeTest" is-config="true" duration-ms="4091" started-at="2016-02-15T15:03:57Z" finished-at="2016-02-15T15:04:01Z">
          <reporter-output>
          </reporter-output>
        </test-method> <!-- beforeTest -->
        <test-method status="PASS" signature="test1()[pri:0, instance:test1.NewTest@5ffe9e]" name="test1" duration-ms="29658" started-at="2016-02-15T15:04:02Z" finished-at="2016-02-15T15:04:31Z">
          <reporter-output>
          </reporter-output>
        </test-method> <!-- test1 -->
      </class> <!-- test1.NewTest -->
    </test> <!-- Default test -->
  </suite> <!-- Default suite -->
</testng-results>
